0 info it worked if it ends with ok
1 verbose cli [ '/usr/local/bin/node', '/usr/local/bin/npm', 'run', 'build' ]
2 info using npm@3.8.3
3 info using node@v0.12.7
4 verbose node symlink /usr/local/bin/node
5 verbose run-script [ 'prebuild', 'build', 'postbuild' ]
6 info lifecycle microcard@1.0.0~prebuild: microcard@1.0.0
7 silly lifecycle microcard@1.0.0~prebuild: no script for prebuild, continuing
8 info lifecycle microcard@1.0.0~build: microcard@1.0.0
9 verbose lifecycle microcard@1.0.0~build: unsafe-perm in lifecycle true
10 verbose lifecycle microcard@1.0.0~build: PATH: /usr/local/lib/node_modules/npm/bin/node-gyp-bin:/Users/caoyongzheng/javaApps/microcard/src/main/resources/static/node_modules/.bin:/usr/local/bin:/opt/local/bin:/opt/local/sbin:/Library/Frameworks/Python.framework/Versions/Current/bin:/opt/local/bin:/opt/local/sbin:/usr/local/mysql/bin:/usr/local/bin:/usr/bin:/bin:/usr/sbin:/sbin:/opt/local/bin:/opt/local/sbin:/Library/Frameworks/Python.framework/Versions/Current/bin:/usr/local/mysql/bin:/usr/local/go/bin:/usr/local/golang/3rdpkg/bin:/usr/local/sbin:/Users/caoyongzheng/git/arcanist/bin/:/bin:/usr/local/go/bin:/usr/local/golang/3rdpkg/bin:/usr/local/sbin:/Users/caoyongzheng/git/arcanist/bin/
11 verbose lifecycle microcard@1.0.0~build: CWD: /Users/caoyongzheng/javaApps/microcard/src/main/resources/static
12 silly lifecycle microcard@1.0.0~build: Args: [ '-c',
12 silly lifecycle   'webpack -d --config webpack.config.js -w --progress --colors' ]
13 silly lifecycle microcard@1.0.0~build: Returned: code: 1  signal: null
14 info lifecycle microcard@1.0.0~build: Failed to exec build script
15 verbose stack Error: microcard@1.0.0 build: `webpack -d --config webpack.config.js -w --progress --colors`
15 verbose stack Exit status 1
15 verbose stack     at EventEmitter.<anonymous> (/usr/local/lib/node_modules/npm/lib/utils/lifecycle.js:239:16)
15 verbose stack     at EventEmitter.emit (events.js:110:17)
15 verbose stack     at ChildProcess.<anonymous> (/usr/local/lib/node_modules/npm/lib/utils/spawn.js:24:14)
15 verbose stack     at ChildProcess.emit (events.js:110:17)
15 verbose stack     at maybeClose (child_process.js:1015:16)
15 verbose stack     at Process.ChildProcess._handle.onexit (child_process.js:1087:5)
16 verbose pkgid microcard@1.0.0
17 verbose cwd /Users/caoyongzheng/javaApps/microcard/src/main/resources/static
18 error Darwin 14.5.0
19 error argv "/usr/local/bin/node" "/usr/local/bin/npm" "run" "build"
20 error node v0.12.7
21 error npm  v3.8.3
22 error code ELIFECYCLE
23 error microcard@1.0.0 build: `webpack -d --config webpack.config.js -w --progress --colors`
23 error Exit status 1
24 error Failed at the microcard@1.0.0 build script 'webpack -d --config webpack.config.js -w --progress --colors'.
24 error Make sure you have the latest version of node.js and npm installed.
24 error If you do, this is most likely a problem with the microcard package,
24 error not with npm itself.
24 error Tell the author that this fails on your system:
24 error     webpack -d --config webpack.config.js -w --progress --colors
24 error You can get information on how to open an issue for this project with:
24 error     npm bugs microcard
24 error Or if that isn't available, you can get their info via:
24 error     npm owner ls microcard
24 error There is likely additional logging output above.
25 verbose exit [ 1, true ]
